<?xml version="1.0" encoding="UTF-8"?>
<testng-results ignored="0" total="1" passed="1" failed="0" skipped="0">
  <reporter-output>
  </reporter-output>
  <suite started-at="2023-04-01T16:54:35 MDT" name="Default suite" finished-at="2023-04-01T16:54:39 MDT" duration-ms="3958">
    <groups>
    </groups>
    <test started-at="2023-04-01T16:54:35 MDT" name="Default test" finished-at="2023-04-01T16:54:39 MDT" duration-ms="3958">
      <class name="com.testng.selenium.v1.RegisterUserTest">
        <test-method is-config="true" signature="initDriver()[pri:0, instance:com.testng.selenium.v1.RegisterUserTest@76505305]" started-at="2023-04-01T16:54:35 MDT" name="initDriver" finished-at="2023-04-01T16:54:38 MDT" duration-ms="2984" status="PASS">
          <reporter-output>
          </reporter-output>
        </test-method> <!-- initDriver -->
        <test-method signature="firstTest()[pri:0, instance:com.testng.selenium.v1.RegisterUserTest@76505305]" started-at="2023-04-01T16:54:38 MDT" name="firstTest" finished-at="2023-04-01T16:54:39 MDT" duration-ms="952" status="PASS">
          <reporter-output>
          </reporter-output>
        </test-method> <!-- firstTest -->
      </class> <!-- com.testng.selenium.v1.RegisterUserTest -->
    </test> <!-- Default test -->
  </suite> <!-- Default suite -->
</testng-results>
